<?xml version="1.0" encoding="UTF-8"?>
<!-- Generated by org.testng.reporters.JUnitReportReporter -->
<testsuite hostname="APL-1GMXB63" failures="0" tests="4" name="JenkinsTestNGPriority.PriorityTests" time="0.012" errors="0" timestamp="2023-05-15T09:39:15 IST" skipped="0">
  <testcase classname="JenkinsTestNGPriority.PriorityTests" name="startEngine" time="0.009"/>
  <system-out/>
  <testcase classname="JenkinsTestNGPriority.PriorityTests" name="putFirstGear" time="0.001"/>
  <system-out/>
  <testcase classname="JenkinsTestNGPriority.PriorityTests" name="putSecondGear" time="0.001"/>
  <system-out/>
  <testcase classname="JenkinsTestNGPriority.PriorityTests" name="putThirdGear" time="0.001"/>
  <system-out/>
</testsuite> <!-- JenkinsTestNGPriority.PriorityTests -->
